{"/Users/lillytang/Documents/popular-dishes/Tests/test_utils.js": {"path":"/Users/lillytang/Documents/popular-dishes/Tests/test_utils.js","statementMap":{"0":{"start":{"line":1,"column":0},"end":{"line":16,"column":2}},"1":{"start":{"line":3,"column":16},"end":{"line":3,"column":18}},"2":{"start":{"line":4,"column":4},"end":{"line":4,"column":46}},"3":{"start":{"line":5,"column":4},"end":{"line":5,"column":48}},"4":{"start":{"line":6,"column":4},"end":{"line":6,"column":15}},"5":{"start":{"line":10,"column":16},"end":{"line":10,"column":18}},"6":{"start":{"line":11,"column":4},"end":{"line":11,"column":46}},"7":{"start":{"line":12,"column":4},"end":{"line":12,"column":48}},"8":{"start":{"line":13,"column":4},"end":{"line":13,"column":46}},"9":{"start":{"line":14,"column":4},"end":{"line":14,"column":15}}},"fnMap":{"0":{"name":"(anonymous_0)","decl":{"start":{"line":2,"column":15},"end":{"line":2,"column":16}},"loc":{"start":{"line":2,"column":21},"end":{"line":7,"column":3}},"line":2},"1":{"name":"(anonymous_1)","decl":{"start":{"line":9,"column":16},"end":{"line":9,"column":17}},"loc":{"start":{"line":9,"column":22},"end":{"line":15,"column":3}},"line":9}},"branchMap":{},"s":{"0":1,"1":1,"2":1,"3":1,"4":1,"5":1,"6":1,"7":1,"8":1,"9":1},"f":{"0":1,"1":1},"b":{},"_coverageSchema":"43e27e138ebf9cfc5966b082cf9a028302ed4184","hash":"f5079fe97aa3f1c1caf8d51c1bbdcfe98d21fd41"}
,"/Users/lillytang/Documents/popular-dishes/client/src/components/DishItem.jsx": {"path":"/Users/lillytang/Documents/popular-dishes/client/src/components/DishItem.jsx","statementMap":{"0":{"start":{"line":3,"column":17},"end":{"line":5,"column":1}},"1":{"start":{"line":4,"column":2},"end":{"line":4,"column":26}}},"fnMap":{"0":{"name":"(anonymous_0)","decl":{"start":{"line":3,"column":17},"end":{"line":3,"column":18}},"loc":{"start":{"line":3,"column":26},"end":{"line":5,"column":1}},"line":3}},"branchMap":{},"s":{"0":1,"1":0},"f":{"0":0},"b":{},"_coverageSchema":"43e27e138ebf9cfc5966b082cf9a028302ed4184","hash":"33aa9a094eb7bdb21fa51b526cdbcc1729221663"}
,"/Users/lillytang/Documents/popular-dishes/client/src/components/TopDishes.jsx": {"path":"/Users/lillytang/Documents/popular-dishes/client/src/components/TopDishes.jsx","statementMap":{"0":{"start":{"line":4,"column":18},"end":{"line":12,"column":1}},"1":{"start":{"line":5,"column":2},"end":{"line":11,"column":4}},"2":{"start":{"line":8,"column":8},"end":{"line":8,"column":33}}},"fnMap":{"0":{"name":"(anonymous_0)","decl":{"start":{"line":4,"column":18},"end":{"line":4,"column":19}},"loc":{"start":{"line":4,"column":27},"end":{"line":12,"column":1}},"line":4},"1":{"name":"(anonymous_1)","decl":{"start":{"line":7,"column":32},"end":{"line":7,"column":33}},"loc":{"start":{"line":7,"column":40},"end":{"line":9,"column":7}},"line":7}},"branchMap":{},"s":{"0":1,"1":0,"2":0},"f":{"0":0,"1":0},"b":{},"_coverageSchema":"43e27e138ebf9cfc5966b082cf9a028302ed4184","hash":"9e1dace496a6d2a1501fc314fa24fd792244b0b5"}
,"/Users/lillytang/Documents/popular-dishes/server/controller.js": {"path":"/Users/lillytang/Documents/popular-dishes/server/controller.js","statementMap":{"0":{"start":{"line":1,"column":26},"end":{"line":1,"column":47}},"1":{"start":{"line":3,"column":0},"end":{"line":24,"column":2}},"2":{"start":{"line":6,"column":6},"end":{"line":12,"column":9}},"3":{"start":{"line":7,"column":8},"end":{"line":11,"column":9}},"4":{"start":{"line":8,"column":10},"end":{"line":8,"column":24}},"5":{"start":{"line":10,"column":10},"end":{"line":10,"column":25}},"6":{"start":{"line":15,"column":6},"end":{"line":21,"column":9}},"7":{"start":{"line":16,"column":8},"end":{"line":20,"column":9}},"8":{"start":{"line":17,"column":10},"end":{"line":17,"column":24}},"9":{"start":{"line":19,"column":10},"end":{"line":19,"column":25}}},"fnMap":{"0":{"name":"(anonymous_0)","decl":{"start":{"line":5,"column":9},"end":{"line":5,"column":10}},"loc":{"start":{"line":5,"column":23},"end":{"line":13,"column":5}},"line":5},"1":{"name":"(anonymous_1)","decl":{"start":{"line":6,"column":50},"end":{"line":6,"column":51}},"loc":{"start":{"line":6,"column":65},"end":{"line":12,"column":7}},"line":6},"2":{"name":"(anonymous_2)","decl":{"start":{"line":14,"column":12},"end":{"line":14,"column":13}},"loc":{"start":{"line":14,"column":26},"end":{"line":22,"column":5}},"line":14},"3":{"name":"(anonymous_3)","decl":{"start":{"line":15,"column":37},"end":{"line":15,"column":38}},"loc":{"start":{"line":15,"column":52},"end":{"line":21,"column":7}},"line":15}},"branchMap":{"0":{"loc":{"start":{"line":7,"column":8},"end":{"line":11,"column":9}},"type":"if","locations":[{"start":{"line":7,"column":8},"end":{"line":11,"column":9}},{"start":{"line":7,"column":8},"end":{"line":11,"column":9}}],"line":7},"1":{"loc":{"start":{"line":16,"column":8},"end":{"line":20,"column":9}},"type":"if","locations":[{"start":{"line":16,"column":8},"end":{"line":20,"column":9}},{"start":{"line":16,"column":8},"end":{"line":20,"column":9}}],"line":16}},"s":{"0":1,"1":1,"2":1,"3":1,"4":0,"5":1,"6":0,"7":0,"8":0,"9":0},"f":{"0":1,"1":1,"2":0,"3":0},"b":{"0":[0,1],"1":[0,0]},"_coverageSchema":"43e27e138ebf9cfc5966b082cf9a028302ed4184","hash":"44fa877f450d293f7523019f07793bfc712e225a"}
,"/Users/lillytang/Documents/popular-dishes/server/model.js": {"path":"/Users/lillytang/Documents/popular-dishes/server/model.js","statementMap":{"0":{"start":{"line":1,"column":14},"end":{"line":1,"column":30}},"1":{"start":{"line":3,"column":19},"end":{"line":8,"column":2}},"2":{"start":{"line":10,"column":0},"end":{"line":10,"column":21}},"3":{"start":{"line":12,"column":0},"end":{"line":45,"column":2}},"4":{"start":{"line":15,"column":6},"end":{"line":23,"column":8}},"5":{"start":{"line":18,"column":10},"end":{"line":20,"column":11}},"6":{"start":{"line":19,"column":12},"end":{"line":19,"column":28}},"7":{"start":{"line":21,"column":10},"end":{"line":21,"column":33}},"8":{"start":{"line":26,"column":18},"end":{"line":26,"column":211}},"9":{"start":{"line":27,"column":6},"end":{"line":32,"column":9}},"10":{"start":{"line":28,"column":8},"end":{"line":30,"column":9}},"11":{"start":{"line":29,"column":10},"end":{"line":29,"column":29}},"12":{"start":{"line":31,"column":8},"end":{"line":31,"column":28}},"13":{"start":{"line":37,"column":18},"end":{"line":37,"column":142}},"14":{"start":{"line":38,"column":6},"end":{"line":42,"column":9}},"15":{"start":{"line":39,"column":8},"end":{"line":41,"column":9}},"16":{"start":{"line":40,"column":10},"end":{"line":40,"column":29}}},"fnMap":{"0":{"name":"(anonymous_0)","decl":{"start":{"line":14,"column":9},"end":{"line":14,"column":10}},"loc":{"start":{"line":14,"column":37},"end":{"line":24,"column":5}},"line":14},"1":{"name":"(anonymous_1)","decl":{"start":{"line":17,"column":8},"end":{"line":17,"column":9}},"loc":{"start":{"line":17,"column":32},"end":{"line":22,"column":9}},"line":17},"2":{"name":"(anonymous_2)","decl":{"start":{"line":25,"column":12},"end":{"line":25,"column":13}},"loc":{"start":{"line":25,"column":36},"end":{"line":33,"column":5}},"line":25},"3":{"name":"(anonymous_3)","decl":{"start":{"line":27,"column":30},"end":{"line":27,"column":31}},"loc":{"start":{"line":27,"column":54},"end":{"line":32,"column":7}},"line":27},"4":{"name":"(anonymous_4)","decl":{"start":{"line":36,"column":12},"end":{"line":36,"column":13}},"loc":{"start":{"line":36,"column":36},"end":{"line":43,"column":5}},"line":36},"5":{"name":"(anonymous_5)","decl":{"start":{"line":38,"column":30},"end":{"line":38,"column":31}},"loc":{"start":{"line":38,"column":54},"end":{"line":42,"column":7}},"line":38}},"branchMap":{"0":{"loc":{"start":{"line":18,"column":10},"end":{"line":20,"column":11}},"type":"if","locations":[{"start":{"line":18,"column":10},"end":{"line":20,"column":11}},{"start":{"line":18,"column":10},"end":{"line":20,"column":11}}],"line":18},"1":{"loc":{"start":{"line":28,"column":8},"end":{"line":30,"column":9}},"type":"if","locations":[{"start":{"line":28,"column":8},"end":{"line":30,"column":9}},{"start":{"line":28,"column":8},"end":{"line":30,"column":9}}],"line":28},"2":{"loc":{"start":{"line":39,"column":8},"end":{"line":41,"column":9}},"type":"if","locations":[{"start":{"line":39,"column":8},"end":{"line":41,"column":9}},{"start":{"line":39,"column":8},"end":{"line":41,"column":9}}],"line":39}},"s":{"0":1,"1":1,"2":1,"3":1,"4":1,"5":1,"6":0,"7":1,"8":0,"9":0,"10":0,"11":0,"12":0,"13":0,"14":0,"15":0,"16":0},"f":{"0":1,"1":1,"2":0,"3":0,"4":0,"5":0},"b":{"0":[0,1],"1":[0,0],"2":[0,0]},"_coverageSchema":"43e27e138ebf9cfc5966b082cf9a028302ed4184","hash":"c71e3490fa2814910abdef5d8c3c24ee958f4764"}
}
